         ps       /tl_tb/tb_dut/x_servo                     /tl_tb/tb_dut/z_servo      
          delta                        /tl_tb/tb_dut/y_servo                           
          0  +0    UUUUUUUUUUUUUUUUUUUU UUUUUUUUUUUUUUUUUUUU UUUUUUUUUUUUUUUUUUUU 
          0  +1    XXXXXXXXXXXXXXXXXXXX XXXXXXXXXXXXXXXXXXXX 00011010110110110000 
          0  +2    00001001110001000000 00010010010011111000 00011010110110110000 
 9625157000  +4    00001001110010000100 00010010011000010010 00011010110110110000 
 9750159000  +4    00001001110011001000 00010010011100101100 00011010110110110000 
 9875161000  +4    00001001110100001100 00010010100001000111 00011010110110110000 
 1000016300  +4    00001001110101010000 00010010100101100001 00011010110110110000 
 1012516500  +4    00001001110110010100 00010010101001111100 00011010110110110000 
 1025016700  +4    00001001110111011000 00010010101110010110 00011010110110110000 
 1037516900  +4    00001001111000011100 00010010110010110001 00011010110110110000 
 1050017100  +4    00001001111001100000 00010010110111001011 00011010110110110000 
 1062517300  +4    00001001111010100100 00010010111011100101 00011010110110110000 
 1075017500  +4    00001001111011101000 00010011000000000000 00011010110110110000 
 1087517700  +4    00001001111100101100 00010011000100011010 00011010110110110000 
 1100017900  +4    00001001111101110000 00010011001000110101 00011010110110110000 
 1112518100  +4    00001001111110110100 00010011001101001111 00011010110110110000 
 1125018300  +4    00001001111111111000 00010011010001101010 00011010110110110000 
 1137518500  +4    00001010000000111100 00010011010110000100 00011010110110110000 
 1150018700  +4    00001010000100000000 00010011011010001001 00011010110110110000 
 1162518900  +4    00001010000111000100 00010011011110001110 00011010110110110000 
 1175019100  +4    00001010001010001000 00010011100010010011 00011010110110110000 
 1187519300  +4    00001010001101001100 00010011100110011000 00011010110110110000 
 1200019500  +4    00001010010000010000 00010011101010011101 00011010110110110000 
 1212519700  +4    00001010010011010101 00010011101110100010 00011010110110110000 
 1225019900  +4    00001010010110011001 00010011110010100111 00011010110110110000 
 1237520100  +4    00001010011001011101 00010011110110101100 00011010110110110000 
 1250020300  +4    00001010011100100001 00010011111010110001 00011010110110110000 
 1262520500  +4    00001010011111100101 00010011111110110101 00011010110110110000 
 1275020700  +4    00001010100010101010 00010100000010111010 00011010110110110000 
 1287520900  +4    00001010100101101110 00010100000110111111 00011010110110110000 
 1300021100  +4    00001010101000110010 00010100001011000100 00011010110110110000 
 1312521300  +4    00001010101011110110 00010100001111001001 00011010110110110000 
 1325021500  +4    00001010101110111010 00010100010011001110 00011010110110110000 
 1337521700  +4    00001010110011101011 00010100010110110001 00011010110110110000 
 1350021900  +4    00001010111000011100 00010100011010010011 00011010110110110000 
 1362522100  +4    00001010111101001100 00010100011101110101 00011010110110110000 
 1375022300  +4    00001011000001111101 00010100100001011000 00011010110110110000 
 1387522500  +4    00001011000110101101 00010100100100111010 00011010110110110000 
 1400022700  +4    00001011001011011110 00010100101000011100 00011010110110110000 
 1412522900  +4    00001011010000001111 00010100101011111111 00011010110110110000 
 1425023100  +4    00001011010100111111 00010100101111100001 00011010110110110000 
 1437523300  +4    00001011011001110000 00010100110011000100 00011010110110110000 
 1450023500  +4    00001011011110100001 00010100110110100110 00011010110110110000 
 1462523700  +4    00001011100011010001 00010100111010001000 00011010110110110000 
 1475023900  +4    00001011101000000010 00010100111101101011 00011010110110110000 
 1487524100  +4    00001011101100110010 00010101000001001101 00011010110110110000 
 1500024300  +4    00001011110001100011 00010101000100101111 00011010110110110000 
 1512524500  +4    00001011110110010100 00010101001000010010 00011010110110110000 
 1525024700  +4    00001011111100011001 00010101001011001111 00011010110110110000 
 1537524900  +4    00001100000010011111 00010101001110001011 00011010110110110000 
 1550025100  +4    00001100001000100100 00010101010001001000 00011010110110110000 
 1562525300  +4    00001100001110101010 00010101010100000101 00011010110110110000 
 1575025500  +4    00001100010100110000 00010101010111000010 00011010110110110000 
 1587525700  +4    00001100011010110101 00010101011001111111 00011010110110110000 
 1600025900  +4    00001100100000111011 00010101011100111011 00011010110110110000 
 1612526100  +4    00001100100111000000 00010101011111111000 00011010110110110000 
 1625026300  +4    00001100101101000110 00010101100010110101 00011010110110110000 
 1637526500  +4    00001100110011001011 00010101100101110010 00011010110110110000 
 1650026700  +4    00001100111001010001 00010101101000101111 00011010110110110000 
 1662526900  +4    00001100111111010110 00010101101011101100 00011010110110110000 
 1675027100  +4    00001101000101011100 00010101101110101000 00011010110110110000 
 1687527300  +4    00001101001011100010 00010101110001100101 00011010110110110000 
 1700027500  +4    00001101010001100111 00010101110100100010 00011010110110110000 
 1712527700  +4    00001101010100100110 00010101110011110001 00011010110110110000 
 1725027900  +4    00001101010111100100 00010101110011000000 00011010110110110000 
 1737528100  +4    00001101011010100010 00010101110010001111 00011010110110110000 
 1750028300  +4    00001101011101100001 00010101110001011110 00011010110110110000 
 1762528500  +4    00001101100000011111 00010101110000101101 00011010110110110000 
 1775028700  +4    00001101100011011110 00010101101111111100 00011010110110110000 
 1787528900  +4    00001101100110011100 00010101101111001011 00011010110110110000 
 1800029100  +4    00001101101001011011 00010101101110011010 00011010110110110000 
 1812529300  +4    00001101101100011001 00010101101101101010 00011010110110110000 
 1825029500  +4    00001101101111011000 00010101101100111001 00011010110110110000 
 1837529700  +4    00001101110010010110 00010101101100001000 00011010110110110000 
 1850029900  +4    00001101110101010100 00010101101011010111 00011010110110110000 
 1862530100  +4    00001101111000010011 00010101101010100110 00011010110110110000 
 1875030300  +4    00001101111011010001 00010101101001110101 00011010110110110000 
 1887530500  +4    00001101111110010000 00010101101001000100 00011010110110110000 
 1900030700  +4    00001110000001010011 00010101101000010111 00011010110110110000 
 1912530900  +4    00001110000100010110 00010101100111101010 00011010110110110000 
 1925031100  +4    00001110000111011010 00010101100110111101 00011010110110110000 
 1937531300  +4    00001110001010011101 00010101100110010001 00011010110110110000 
 1950031500  +4    00001110001101100001 00010101100101100100 00011010110110110000 
 1962531700  +4    00001110010000100100 00010101100100110111 00011010110110110000 
 1975031900  +4    00001110010011100111 00010101100100001010 00011010110110110000 
 1987532100  +4    00001110010110101011 00010101100011011101 00011010110110110000 
 2000032300  +4    00001110011001101110 00010101100010110001 00011010110110110000 
 2012532500  +4    00001110011100110001 00010101100010000100 00011010110110110000 
 2025032700  +4    00001110011111110101 00010101100001010111 00011010110110110000 
 2037532900  +4    00001110100010111000 00010101100000101010 00011010110110110000 
 2050033100  +4    00001110100101111100 00010101011111111101 00011010110110110000 
 2062533300  +4    00001110101000111111 00010101011111010001 00011010110110110000 
 2075033500  +3    00001110101000111111 00010101011111010001 00001001110001000000 
 2075033500  +4    00001110101100000010 00010101011110100100 00001001110001000000 
 2087533700  +4    00001110101111001010 00010101011101111011 00001001110001000000 
 2100033900  +4    00001110110010010010 00010101011101010001 00001001110001000000 
 2112534100  +4    00001110110101011010 00010101011100101000 00001001110001000000 
 2125034300  +4    00001110111000100001 00010101011011111111 00001001110001000000 
 2137534500  +4    00001110111011101001 00010101011011010110 00001001110001000000 
 2150034700  +4    00001110111110110001 00010101011010101101 00001001110001000000 
 2162534900  +4    00001111000001111001 00010101011010000100 00001001110001000000 
 2175035100  +4    00001111000101000000 00010101011001011011 00001001110001000000 
 2187535300  +4    00001111001000001000 00010101011000110010 00001001110001000000 
 2200035500  +4    00001111001011010000 00010101011000001000 00001001110001000000 
 2212535700  +4    00001111001110011000 00010101010111011111 00001001110001000000 
 2225035900  +4    00001111010001011111 00010101010110110110 00001001110001000000 
 2237536100  +4    00001111010100100111 00010101010110001101 00001001110001000000 
 2250036300  +4    00001111010111101111 00010101010101100100 00001001110001000000 
 2262536500  +4    00001111011010110111 00010101010100111011 00001001110001000000 
 2275036700  +4    00001111011110000010 00010101010100010101 00001001110001000000 
 2287536900  +4    00001111100001001110 00010101010011101111 00001001110001000000 
 2300037100  +4    00001111100100011001 00010101010011001001 00001001110001000000 
 2312537300  +4    00001111100111100101 00010101010010100100 00001001110001000000 
 2325037500  +4    00001111101010110000 00010101010001111110 00001001110001000000 
 2337537700  +4    00001111101101111100 00010101010001011000 00001001110001000000 
 2350037900  +4    00001111110001001000 00010101010000110010 00001001110001000000 
 2362538100  +4    00001111110100010011 00010101010000001100 00001001110001000000 
 2375038300  +4    00001111110111011111 00010101001111100111 00001001110001000000 
 2387538500  +4    00001111111010101010 00010101001111000001 00001001110001000000 
 2400038700  +4    00001111111101110110 00010101001110011011 00001001110001000000 
 2412538900  +4    00010000000001000001 00010101001101110101 00001001110001000000 
 2425039100  +4    00010000000100001101 00010101001101001111 00001001110001000000 
 2437539300  +4    00010000000111011000 00010101001100101001 00001001110001000000 
 2450039500  +4    00010000001010100100 00010101001100000100 00001001110001000000 
 2462539700  +4    00010000000101100001 00010101001001011011 00001001110001000000 
 2475039900  +4    00010000000000011101 00010101000110110010 00001001110001000000 
 2487540100  +4    00001111111011011010 00010101000100001010 00001001110001000000 
 2500040300  +4    00001111110110010111 00010101000001100001 00001001110001000000 
 2512540500  +4    00001111110001010011 00010100111110111000 00001001110001000000 
 2525040700  +4    00001111101100010000 00010100111100010000 00001001110001000000 
 2537540900  +4    00001111100111001100 00010100111001100111 00001001110001000000 
 2550041100  +4    00001111100010001001 00010100110110111110 00001001110001000000 
 2562541300  +4    00001111011101000110 00010100110100010101 00001001110001000000 
 2575041500  +4    00001111011000000010 00010100110001101101 00001001110001000000 
 2587541700  +4    00001111010010111111 00010100101111000100 00001001110001000000 
 2600041900  +4    00001111001101111100 00010100101100011011 00001001110001000000 
 2612542100  +4    00001111001000111000 00010100101001110011 00001001110001000000 
 2625042300  +4    00001111000011110101 00010100100111001010 00001001110001000000 
 2637542500  +4    00001110111110110001 00010100100100100001 00001001110001000000 
 2650042700  +4    00001110111010111100 00010100100001100011 00001001110001000000 
 2662542900  +4    00001110110111000111 00010100011110100100 00001001110001000000 
 2675043100  +4    00001110110011010001 00010100011011100110 00001001110001000000 
 2687543300  +4    00001110101111011100 00010100011000100111 00001001110001000000 
 2700043500  +4    00001110101011100111 00010100010101101001 00001001110001000000 
 2712543700  +4    00001110100111110001 00010100010010101010 00001001110001000000 
 2725043900  +4    00001110100011111100 00010100001111101100 00001001110001000000 
 2737544100  +4    00001110100000000110 00010100001100101101 00001001110001000000 
 2750044300  +4    00001110011100010001 00010100001001101111 00001001110001000000 
 2762544500  +4    00001110011000011100 00010100000110110000 00001001110001000000 
 2775044700  +4    00001110010100100110 00010100000011110010 00001001110001000000 
 2787544900  +4    00001110010000110001 00010100000000110011 00001001110001000000 
 2800045100  +4    00001110001100111100 00010011111101110101 00001001110001000000 
 2812545300  +4    00001110001001000110 00010011111010110110 00001001110001000000 
 2825045500  +4    00001110000101010001 00010011110111111000 00001001110001000000 
 2837545700  +4    00001110000010110111 00010011110100100111 00001001110001000000 
 2850045900  +4    00001110000000011101 00010011110001010111 00001001110001000000 
 2862546100  +4    00001101111110000011 00010011101110000111 00001001110001000000 
 2875046300  +4    00001101111011101001 00010011101010110110 00001001110001000000 
 2887546500  +4    00001101111001001111 00010011100111100110 00001001110001000000 
 2900046700  +4    00001101110110110101 00010011100100010110 00001001110001000000 
 2912546900  +4    00001101110100011011 00010011100001000101 00001001110001000000 
 2925047100  +4    00001101110010000001 00010011011101110101 00001001110001000000 
 2937547300  +4    00001101101111100111 00010011011010100100 00001001110001000000 
 2950047500  +4    00001101101101001101 00010011010111010100 00001001110001000000 
 2962547700  +4    00001101101010110011 00010011010100000100 00001001110001000000 
 2975047900  +4    00001101101000011001 00010011010000110011 00001001110001000000 
 2987548100  +4    00001101100101111111 00010011001101100011 00001001110001000000 
 3000048300  +4    00001101100011100101 00010011001010010011 00001001110001000000 
 3012548500  +4    00001101100001001011 00010011000111000010 00001001110001000000 
 3025048700  +4    00001101100000010110 00010011000011101000 00001001110001000000 
 3037548900  +4    00001101011111100010 00010011000000001101 00001001110001000000 
 3050049100  +4    00001101011110101101 00010010111100110010 00001001110001000000 
 3062549300  +4    00001101011101111001 00010010111001010111 00001001110001000000 
 3075049500  +4    00001101011101000100 00010010110101111101 00001001110001000000 
 3087549700  +4    00001101011100001111 00010010110010100010 00001001110001000000 
 3100049900  +4    00001101011011011011 00010010101111000111 00001001110001000000 
 3112550100  +4    00001101011010100110 00010010101011101101 00001001110001000000 
 3125050300  +4    00001101011001110010 00010010101000010010 00001001110001000000 
 3137550500  +4    00001101011000111101 00010010100100110111 00001001110001000000 
 3150050700  +4    00001101011000001001 00010010100001011101 00001001110001000000 
 3162550900  +4    00001101010111010100 00010010011110000010 00001001110001000000 
 3175051100  +4    00001101010110011111 00010010011010100111 00001001110001000000 
 3187551300  +4    00001101010101101011 00010010010111001101 00001001110001000000 
 3200051500  +4    00001101010100110110 00010010010011110010 00001001110001000000 
 3212551700  +4    00001101011010001111 00010010010110101100 00001001110001000000 
 3225051900  +4    00001101011111100111 00010010011001100110 00001001110001000000 
 3237552100  +4    00001101100101000000 00010010011100011111 00001001110001000000 
 3250052300  +4    00001101101010011000 00010010011111011001 00001001110001000000 
 3262552500  +4    00001101101111110001 00010010100010010011 00001001110001000000 
 3275052700  +4    00001101110101001001 00010010100101001101 00001001110001000000 
 3287552900  +4    00001101111010100001 00010010101000000111 00001001110001000000 
 3300053100  +4    00001101111111111010 00010010101011000000 00001001110001000000 
 3312553300  +4    00001110000101010010 00010010101101111010 00001001110001000000 
 3325053500  +4    00001110001010101011 00010010110000110100 00001001110001000000 
 3337553700  +4    00001110010000000011 00010010110011101110 00001001110001000000 
 3350053900  +4    00001110010101011100 00010010110110101000 00001001110001000000 
 3362554100  +4    00001110011010110100 00010010111001100001 00001001110001000000 
 3375054300  +4    00001110100000001100 00010010111100011011 00001001110001000000 
 3387554500  +4    00001110100101100101 00010010111111010101 00001001110001000000 
 3400054700  +4    00001110101100000011 00010011000001110010 00001001110001000000 
 3412554900  +4    00001110110010100000 00010011000100010000 00001001110001000000 
 3425055100  +4    00001110111000111110 00010011000110101101 00001001110001000000 
 3437555300  +4    00001110111111011100 00010011001001001011 00001001110001000000 
 3450055500  +4    00001111000101111010 00010011001011101000 00001001110001000000 
 3462555700  +4    00001111001100010111 00010011001110000101 00001001110001000000 
 3475055900  +4    00001111010010110101 00010011010000100011 00001001110001000000 
 3487556100  +4    00001111011001010011 00010011010011000000 00001001110001000000 
 3500056300  +4    00001111011111110001 00010011010101011101 00001001110001000000 
 3512556500  +4    00001111100110001110 00010011010111111011 00001001110001000000 
 3525056700  +4    00001111101100101100 00010011011010011000 00001001110001000000 
 3537556900  +4    00001111110011001010 00010011011100110110 00001001110001000000 
 3550057100  +4    00001111111001101000 00010011011111010011 00001001110001000000 
 3562557300  +4    00010000000000000101 00010011100001110000 00001001110001000000 
 3575057500  +4    00010000000110100011 00010011100100001110 00001001110001000000 
 3587557700  +4    00010000001101110110 00010011100110010010 00001001110001000000 
 3600057900  +4    00010000010101001010 00010011101000010101 00001001110001000000 
 3612558100  +4    00010000011100011101 00010011101010011001 00001001110001000000 
 3625058300  +4    00010000100011110000 00010011101100011101 00001001110001000000 
 3637558500  +4    00010000101011000100 00010011101110100001 00001001110001000000 
 3650058700  +4    00010000110010010111 00010011110000100101 00001001110001000000 
 3662558900  +4    00010000111001101010 00010011110010101001 00001001110001000000 
 3675059100  +4    00010001000000111110 00010011110100101101 00001001110001000000 
 3687559300  +4    00010001001000010001 00010011110110110001 00001001110001000000 
 3700059500  +4    00010001001111100100 00010011111000110100 00001001110001000000 
 3712559700  +4    00010001010110111000 00010011111010111000 00001001110001000000 
 3725059900  +4    00010001011110001011 00010011111100111100 00001001110001000000 
 3737560100  +4    00010001100101011110 00010011111111000000 00001001110001000000 
 3750060300  +4    00010001101100110010 00010100000001000100 00001001110001000000 
 3762560500  +4    00010001110100000101 00010100000011001000 00001001110001000000 
 3775060700  +4    00010001111100000001 00010100000100110110 00001001110001000000 
 3787560900  +4    00010010000011111101 00010100000110100100 00001001110001000000 
 3800061100  +4    00010010001011111010 00010100001000010010 00001001110001000000 
 3812561300  +4    00010010010011110110 00010100001010000001 00001001110001000000 
 3825061500  +4    00010010011011110010 00010100001011101111 00001001110001000000 
 3837561700  +4    00010010100011101111 00010100001101011101 00001001110001000000 
 3850061900  +4    00010010101011101011 00010100001111001011 00001001110001000000 
 3862562100  +4    00010010110011100111 00010100010000111001 00001001110001000000 
 3875062300  +4    00010010111011100100 00010100010010101000 00001001110001000000 
 3887562500  +4    00010011000011100000 00010100010100010110 00001001110001000000 
 3900062700  +4    00010011001011011100 00010100010110000100 00001001110001000000 
 3912562900  +4    00010011010011011001 00010100010111110010 00001001110001000000 
 3925063100  +4    00010011011011010101 00010100011001100000 00001001110001000000 
 3937563300  +4    00010011100011010001 00010100011011001110 00001001110001000000 
 3950063500  +4    00010011101011001110 00010100011100111101 00001001110001000000 
 3962563700  +4    00010011101101110100 00010100011100101100 00001001110001000000 
 3975063900  +4    00010011110000011011 00010100011100011011 00001001110001000000 
 3987564100  +4    00010011110011000010 00010100011100001010 00001001110001000000 
 4000064300  +4    00010011110101101001 00010100011011111001 00001001110001000000 
 4012564500  +4    00010011111000010000 00010100011011101000 00001001110001000000 
 4025064700  +4    00010011111010110111 00010100011011010111 00001001110001000000 
 4037564900  +4    00010011111101011110 00010100011011000110 00001001110001000000 
 4050065100  +4    00010100000000000101 00010100011010110101 00001001110001000000 
 4062565300  +4    00010100000010101011 00010100011010100100 00001001110001000000 
 4075065500  +4    00010100000101010010 00010100011010010011 00001001110001000000 
 4087565700  +4    00010100000111111001 00010100011010000010 00001001110001000000 
 4100065900  +4    00010100001010100000 00010100011001110001 00001001110001000000 
 4112566100  +4    00010100001101000111 00010100011001100000 00001001110001000000 
 4125066300  +4    00010100001111101110 00010100011001010000 00001001110001000000 
 4137566500  +4    00010100010010010101 00010100011000111111 00001001110001000000 
 4150066700  +4    00010100010100111100 00010100011000101111 00001001110001000000 
 4162566900  +4    00010100010111100100 00010100011000011110 00001001110001000000 
 4175067100  +4    00010100011010001100 00010100011000001110 00001001110001000000 
 4187567300  +4    00010100011100110100 00010100010111111110 00001001110001000000 
 4200067500  +4    00010100011111011011 00010100010111101110 00001001110001000000 
 4212567700  +4    00010100100010000011 00010100010111011110 00001001110001000000 
 4225067900  +4    00010100100100101011 00010100010111001110 00001001110001000000 
 4237568100  +4    00010100100111010011 00010100010110111110 00001001110001000000 
 4250068300  +4    00010100101001111010 00010100010110101110 00001001110001000000 
 4262568500  +4    00010100101100100010 00010100010110011110 00001001110001000000 
 4275068700  +4    00010100101111001010 00010100010110001110 00001001110001000000 
 4287568900  +4    00010100110001110010 00010100010101111110 00001001110001000000 
 4300069100  +4    00010100110100011001 00010100010101101110 00001001110001000000 
 4312569300  +4    00010100110111000001 00010100010101011110 00001001110001000000 
 4325069500  +4    00010100111001101001 00010100010101001110 00001001110001000000 
 4337569700  +4    00010100111100010001 00010100010100111110 00001001110001000000 
 4350069900  +4    00010100111110111010 00010100010100101111 00001001110001000000 
 4362570100  +4    00010101000001100010 00010100010100100000 00001001110001000000 
 4375070300  +4    00010101000100001011 00010100010100010001 00001001110001000000 
 4387570500  +4    00010101000110110011 00010100010100000010 00001001110001000000 
 4400070700  +4    00010101001001011100 00010100010011110011 00001001110001000000 
 4412570900  +4    00010101001100000100 00010100010011100011 00001001110001000000 
 4425071100  +4    00010101001110101101 00010100010011010100 00001001110001000000 
 4437571300  +4    00010101010001010101 00010100010011000101 00001001110001000000 
 4450071500  +4    00010101010011111110 00010100010010110110 00001001110001000000 
 4462571700  +4    00010101010110100110 00010100010010100111 00001001110001000000 
 4475071900  +4    00010101011001001111 00010100010010010111 00001001110001000000 
 4487572100  +4    00010101011011110111 00010100010010001000 00001001110001000000 
 4500072300  +4    00010101011110100000 00010100010001111001 00001001110001000000 
 4512572500  +4    00010101100001001000 00010100010001101010 00001001110001000000 
 4525072700  +4    00010101100011110010 00010100010001011011 00001001110001000000 
 4537572900  +4    00010101100110011011 00010100010001001101 00001001110001000000 
 4550073100  +4    00010101101001000100 00010100010000111111 00001001110001000000 
 4562573300  +4    00010101101011101101 00010100010000110000 00001001110001000000 
 4575073500  +4    00010101101110010111 00010100010000100010 00001001110001000000 
 4587573700  +4    00010101110001000000 00010100010000010011 00001001110001000000 
 4600073900  +4    00010101110011101001 00010100010000000101 00001001110001000000 
 4612574100  +4    00010101110110010010 00010100001111110110 00001001110001000000 
 4625074300  +4    00010101111000111100 00010100001111101000 00001001110001000000 
 4637574500  +4    00010101111011100101 00010100001111011001 00001001110001000000 
 4650074700  +4    00010101111110001110 00010100001111001011 00001001110001000000 
 4662574900  +4    00010110000000110111 00010100001110111101 00001001110001000000 
 4675075100  +4    00010110000011100001 00010100001110101110 00001001110001000000 
 4687575300  +4    00010110000110001010 00010100001110100000 00001001110001000000 
 4700075500  +4    00010110001000110011 00010100001110010001 00001001110001000000 
 4712575700  +4    00010110000001001010 00010100001100101010 00001001110001000000 
 4725075900  +4    00010101111001100010 00010100001011000011 00001001110001000000 
 4737576100  +4    00010101110001111001 00010100001001011100 00001001110001000000 
 4750076300  +4    00010101101010010000 00010100000111110101 00001001110001000000 
 4762576500  +4    00010101100010101000 00010100000110001110 00001001110001000000 
 4775076700  +4    00010101011010111111 00010100000100100111 00001001110001000000 
 4787576900  +4    00010101010011010110 00010100000011000000 00001001110001000000 
 4800077100  +4    00010101001011101110 00010100000001011001 00001001110001000000 
 4812577300  +4    00010101000100000101 00010011111111110010 00001001110001000000 
 4825077500  +4    00010100111100011100 00010011111110001011 00001001110001000000 
 4837577700  +4    00010100110100110100 00010011111100100100 00001001110001000000 
 4850077900  +4    00010100101101001011 00010011111010111101 00001001110001000000 
 4862578100  +4    00010100100101100010 00010011111001010101 00001001110001000000 
 4875078300  +4    00010100011101111010 00010011110111101110 00001001110001000000 
 4887578500  +4    00010100010110010001 00010011110110000111 00001001110001000000 
 4900078700  +4    00010100001111001111 00010011110100001111 00001001110001000000 
 4912578900  +4    00010100001000001110 00010011110010010111 00001001110001000000 
 4925079100  +4    00010100000001001101 00010011110000011111 00001001110001000000 
 4937579300  +4    00010011111010001011 00010011101110100111 00001001110001000000 
 4950079500  +4    00010011110011001010 00010011101100101111 00001001110001000000 
 4962579700  +4    00010011101100001001 00010011101010110111 00001001110001000000 
 4975079900  +4    00010011100101000111 00010011101000111110 00001001110001000000 
 4987580100  +4    00010011011110000110 00010011100111000110 00001001110001000000 
 5000080300  +4    00010011010111000100 00010011100101001110 00001001110001000000 
 5012580500  +4    00010011010000000011 00010011100011010110 00001001110001000000 
 5025080700  +4    00010011001001000010 00010011100001011110 00001001110001000000 
 5037580900  +4    00010011000010000000 00010011011111100110 00001001110001000000 
 5050081100  +4    00010010111010111111 00010011011101101110 00001001110001000000 
 5062581300  +4    00010010110011111110 00010011011011110110 00001001110001000000 
 5075081500  +4    00010010101100111100 00010011011001111101 00001001110001000000 
 5087581700  +4    00010010100110101100 00010011010111110010 00001001110001000000 
 5100081900  +4    00010010100000011100 00010011010101100111 00001001110001000000 
 5112582100  +4    00010010011010001100 00010011010011011011 00001001110001000000 
 5125082300  +4    00010010010011111100 00010011010001010000 00001001110001000000 
 5137582500  +4    00010010001101101100 00010011001111000100 00001001110001000000 
 5150082700  +4    00010010000111011011 00010011001100111001 00001001110001000000 
 5162582900  +4    00010010000001001011 00010011001010101101 00001001110001000000 
 5175083100  +4    00010001111010111011 00010011001000100010 00001001110001000000 
 5187583300  +4    00010001110100101011 00010011000110010111 00001001110001000000 
 5200083500  +4    00010001101110011011 00010011000100001011 00001001110001000000 
 5212583700  +4    00010001101000001011 00010011000010000000 00001001110001000000 
 5225083900  +4    00010001100001111011 00010010111111110100 00001001110001000000 
 5237584100  +4    00010001011011101011 00010010111101101001 00001001110001000000 
 5250084300  +4    00010001010101011010 00010010111011011101 00001001110001000000 
 5262584500  +4    00010001001111001010 00010010111001010010 00001001110001000000 
 5275084700  +4    00010001001001111000 00010010110110110010 00001001110001000000 
 5287584900  +4    00010001000100100101 00010010110100010001 00001001110001000000 
 5300085100  +4    00010000111111010010 00010010110001110001 00001001110001000000 
 5312585300  +4    00010000111001111111 00010010101111010001 00001001110001000000 
 5325085500  +4    00010000110100101100 00010010101100110000 00001001110001000000 
 5337585700  +4    00010000101111011001 00010010101010010000 00001001110001000000 
 5350085900  +4    00010000101010000111 00010010100111110000 00001001110001000000 
 5362586100  +4    00010000100100110100 00010010100101001111 00001001110001000000 
 5375086300  +4    00010000011111100001 00010010100010101111 00001001110001000000 
 5387586500  +4    00010000011010001110 00010010100000001111 00001001110001000000 
 5400086700  +4    00010000010100111011 00010010011101101110 00001001110001000000 
 5412586900  +4    00010000001111101001 00010010011011001110 00001001110001000000 
 5425087100  +4    00010000001010010110 00010010011000101110 00001001110001000000 
 5437587300  +4    00010000000101000011 00010010010110001110 00001001110001000000 
 5450087500  +4    00001111111111110000 00010010010011101101 00001001110001000000 
 5462587700  +4    00010000000101000011 00010010010001001101 00001001110001000000 
 5475087900  +4    00010000001010010110 00010010001110101101 00001001110001000000 
 5487588100  +4    00010000001111101001 00010010001100001100 00001001110001000000 
 5500088300  +4    00010000010100111011 00010010001001101100 00001001110001000000 
 5512588500  +4    00010000011010001110 00010010000111001100 00001001110001000000 
 5525088700  +4    00010000011111100001 00010010000100101011 00001001110001000000 
 5537588900  +4    00010000100100110100 00010010000010001011 00001001110001000000 
 5550089100  +4    00010000101010000111 00010001111111101011 00001001110001000000 
 5562589300  +4    00010000101111011001 00010001111101001010 00001001110001000000 
 5575089500  +4    00010000110100101100 00010001111010101010 00001001110001000000 
 5587589700  +4    00010000111001111111 00010001111000001010 00001001110001000000 
 5600089900  +4    00010000111111010010 00010001110101101001 00001001110001000000 
 5612590100  +4    00010001000100100101 00010001110011001001 00001001110001000000 
 5625090300  +4    00010001001001111000 00010001110000101001 00001001110001000000 
 5637590500  +4    00010001001111001010 00010001101110001001 00001001110001000000 
 5650090700  +4    00010001010101011010 00010001101011111101 00001001110001000000 
 5662590900  +4    00010001011011101011 00010001101001110010 00001001110001000000 
 5675091100  +4    00010001100001111011 00010001100111100110 00001001110001000000 
 5687591300  +4    00010001101000001011 00010001100101011011 00001001110001000000 
 5700091500  +4    00010001101110011011 00010001100011001111 00001001110001000000 
 5712591700  +4    00010001110100101011 00010001100001000100 00001001110001000000 
 5725091900  +4    00010001111010111011 00010001011110111000 00001001110001000000 
 5737592100  +4    00010010000001001011 00010001011100101101 00001001110001000000 
 5750092300  +4    00010010000111011011 00010001011010100010 00001001110001000000 
 5762592500  +4    00010010001101101100 00010001011000010110 00001001110001000000 
 5775092700  +4    00010010010011111100 00010001010110001011 00001001110001000000 
 5787592900  +4    00010010011010001100 00010001010011111111 00001001110001000000 
 5800093100  +4    00010010100000011100 00010001010001110100 00001001110001000000 
 5812593300  +4    00010010100110101100 00010001001111101000 00001001110001000000 
 5825093500  +4    00010010101100111100 00010001001101011101 00001001110001000000 
 5837593700  +4    00010010110011111110 00010001001011100101 00001001110001000000 
 5850093900  +4    00010010111010111111 00010001001001101101 00001001110001000000 
 5862594100  +4    00010011000010000000 00010001000111110101 00001001110001000000 
 5875094300  +4    00010011001001000010 00010001000101111100 00001001110001000000 
 5887594500  +4    00010011010000000011 00010001000100000100 00001001110001000000 
 5900094700  +4    00010011010111000100 00010001000010001100 00001001110001000000 
 5912594900  +4    00010011011110000110 00010001000000010100 00001001110001000000 
 5925095100  +4    00010011100101000111 00010000111110011100 00001001110001000000 
 5937595300  +4    00010011101100001001 00010000111100100100 00001001110001000000 
 5950095500  +4    00010011110011001010 00010000111010101100 00001001110001000000 
 5962595700  +4    00010011111010001011 00010000111000110100 00001001110001000000 
 5975095900  +4    00010100000001001101 00010000110110111011 00001001110001000000 
 5987596100  +4    00010100001000001110 00010000110101000011 00001001110001000000 
 6000096300  +4    00010100001111001111 00010000110011001011 00001001110001000000 
 6012596500  +4    00010100010110010001 00010000110001010011 00001001110001000000 
 6025096700  +4    00010100011101111010 00010000101111101100 00001001110001000000 
 6037596900  +4    00010100100101100010 00010000101110000101 00001001110001000000 
 6050097100  +4    00010100101101001011 00010000101100011110 00001001110001000000 
 6062597300  +4    00010100110100110100 00010000101010110111 00001001110001000000 
 6075097500  +4    00010100111100011100 00010000101001010000 00001001110001000000 
 6087597700  +4    00010101000100000101 00010000100111101001 00001001110001000000 
 6100097900  +4    00010101001011101110 00010000100110000010 00001001110001000000 
 6112598100  +4    00010101010011010110 00010000100100011011 00001001110001000000 
 6125098300  +4    00010101011010111111 00010000100010110100 00001001110001000000 
 6137598500  +4    00010101100010101000 00010000100001001100 00001001110001000000 
 6150098700  +4    00010101101010010000 00010000011111100101 00001001110001000000 
 6162598900  +4    00010101110001111001 00010000011101111110 00001001110001000000 
 6175099100  +4    00010101111001100010 00010000011100010111 00001001110001000000 
 6187599300  +4    00010110000001001010 00010000011010110000 00001001110001000000 
 6200099500  +4    00010110001000110011 00010000011001001001 00001001110001000000 
 6212599700  +4    00010110000110001010 00010000011000111011 00001001110001000000 
 6225099900  +4    00010110000011100001 00010000011000101100 00001001110001000000 
 6237600100  +4    00010110000000110111 00010000011000011110 00001001110001000000 
 6250100300  +4    00010101111110001110 00010000011000001111 00001001110001000000 
 6262600500  +4    00010101111011100101 00010000011000000001 00001001110001000000 
 6275100700  +4    00010101111000111100 00010000010111110011 00001001110001000000 
 6287600900  +4    00010101110110010010 00010000010111100100 00001001110001000000 
 6300101100  +4    00010101110011101001 00010000010111010110 00001001110001000000 
 6312601300  +4    00010101110001000000 00010000010111000111 00001001110001000000 
 6325101500  +4    00010101101110010111 00010000010110111001 00001001110001000000 
 6337601700  +4    00010101101011101101 00010000010110101010 00001001110001000000 
 6350101900  +4    00010101101001000100 00010000010110011100 00001001110001000000 
 6362602100  +4    00010101100110011011 00010000010110001101 00001001110001000000 
 6375102300  +4    00010101100011110010 00010000010101111111 00001001110001000000 
 6387602500  +4    00010101100001001000 00010000010101110001 00001001110001000000 
 6400102700  +4    00010101011110100000 00010000010101100001 00001001110001000000 
 6412602900  +4    00010101011011110111 00010000010101010010 00001001110001000000 
 6425103100  +4    00010101011001001111 00010000010101000011 00001001110001000000 
 6437603300  +4    00010101010110100110 00010000010100110100 00001001110001000000 
 6450103500  +4    00010101010011111110 00010000010100100101 00001001110001000000 
 6462603700  +4    00010101010001010101 00010000010100010101 00001001110001000000 
 6475103900  +4    00010101001110101101 00010000010100000110 00001001110001000000 
 6487604100  +4    00010101001100000100 00010000010011110111 00001001110001000000 
 6500104300  +4    00010101001001011100 00010000010011101000 00001001110001000000 
 6512604500  +4    00010101000110110011 00010000010011011001 00001001110001000000 
 6525104700  +4    00010101000100001011 00010000010011001010 00001001110001000000 
 6537604900  +4    00010101000001100010 00010000010010111010 00001001110001000000 
 6550105100  +4    00010100111110111010 00010000010010101011 00001001110001000000 
 6562605300  +4    00010100111100010001 00010000010010011100 00001001110001000000 
 6575105500  +4    00010100111001101001 00010000010010001101 00001001110001000000 
 6587605700  +4    00010100110111000001 00010000010001111101 00001001110001000000 
 6600105900  +4    00010100110100011001 00010000010001101101 00001001110001000000 
 6612606100  +4    00010100110001110010 00010000010001011101 00001001110001000000 
 6625106300  +4    00010100101111001010 00010000010001001101 00001001110001000000 
 6637606500  +4    00010100101100100010 00010000010000111100 00001001110001000000 
 6650106700  +4    00010100101001111010 00010000010000101100 00001001110001000000 
 6662606900  +4    00010100100111010011 00010000010000011100 00001001110001000000 
 6675107100  +4    00010100100100101011 00010000010000001100 00001001110001000000 
 6687607300  +4    00010100100010000011 00010000001111111100 00001001110001000000 
 6700107500  +4    00010100011111011011 00010000001111101100 00001001110001000000 
 6712607700  +4    00010100011100110100 00010000001111011100 00001001110001000000 
 6725107900  +4    00010100011010001100 00010000001111001100 00001001110001000000 
 6737608100  +4    00010100010111100100 00010000001110111100 00001001110001000000 
 6750108300  +4    00010100010100111100 00010000001110101100 00001001110001000000 
 6762608500  +4    00010100010010010101 00010000001110011100 00001001110001000000 
 6775108700  +4    00010100001111101110 00010000001110001011 00001001110001000000 
 6787608900  +4    00010100001101000111 00010000001101111010 00001001110001000000 
 6800109100  +4    00010100001010100000 00010000001101101001 00001001110001000000 
 6812609300  +4    00010100000111111001 00010000001101011000 00001001110001000000 
 6825109500  +4    00010100000101010010 00010000001101000111 00001001110001000000 
 6837609700  +4    00010100000010101011 00010000001100110110 00001001110001000000 
 6850109900  +4    00010100000000000101 00010000001100100101 00001001110001000000 
 6862610100  +4    00010011111101011110 00010000001100010100 00001001110001000000 
 6875110300  +4    00010011111010110111 00010000001100000011 00001001110001000000 
 6887610500  +4    00010011111000010000 00010000001011110010 00001001110001000000 
 6900110700  +4    00010011110101101001 00010000001011100010 00001001110001000000 
 6912610900  +4    00010011110011000010 00010000001011010001 00001001110001000000 
 6925111100  +4    00010011110000011011 00010000001011000000 00001001110001000000 
 6937611300  +4    00010011101101110100 00010000001010101111 00001001110001000000 
 6950111500  +4    00010011101011001110 00010000001010011110 00001001110001000000 
 6962611700  +4    00010011100011010001 00010000001100001100 00001001110001000000 
 6975111900  +4    00010011011011010101 00010000001101111010 00001001110001000000 
 6987612100  +4    00010011010011011001 00010000001111101000 00001001110001000000 
 7000112300  +4    00010011001011011100 00010000010001010111 00001001110001000000 
 7012612500  +4    00010011000011100000 00010000010011000101 00001001110001000000 
 7025112700  +4    00010010111011100100 00010000010100110011 00001001110001000000 
 7037612900  +4    00010010110011100111 00010000010110100001 00001001110001000000 
 7050113100  +4    00010010101011101011 00010000011000001111 00001001110001000000 
 7062613300  +4    00010010100011101111 00010000011001111101 00001001110001000000 
 7075113500  +4    00010010011011110010 00010000011011101100 00001001110001000000 
 7087613700  +4    00010010010011110110 00010000011101011010 00001001110001000000 
 7100113900  +4    00010010001011111010 00010000011111001000 00001001110001000000 
 7112614100  +4    00010010000011111101 00010000100000110110 00001001110001000000 
 7125114300  +4    00010001111100000001 00010000100010100100 00001001110001000000 
 7137614500  +4    00010001110100000101 00010000100100010011 00001001110001000000 
 7150114700  +4    00010001101100110010 00010000100110010110 00001001110001000000 
 7162614900  +4    00010001100101011110 00010000101000011010 00001001110001000000 
 7175115100  +4    00010001011110001011 00010000101010011110 00001001110001000000 
 7187615300  +4    00010001010110111000 00010000101100100010 00001001110001000000 
 7200115500  +4    00010001001111100100 00010000101110100110 00001001110001000000 
 7212615700  +4    00010001001000010001 00010000110000101010 00001001110001000000 
 7225115900  +4    00010001000000111110 00010000110010101110 00001001110001000000 
 7237616100  +4    00010000111001101010 00010000110100110010 00001001110001000000 
 7250116300  +4    00010000110010010111 00010000110110110101 00001001110001000000 
 7262616500  +4    00010000101011000100 00010000111000111001 00001001110001000000 
 7275116700  +4    00010000100011110000 00010000111010111101 00001001110001000000 
 7287616900  +4    00010000011100011101 00010000111101000001 00001001110001000000 
 7300117100  +4    00010000010101001010 00010000111111000101 00001001110001000000 
 7312617300  +4    00010000001101110110 00010001000001001001 00001001110001000000 
 7325117500  +4    00010000000110100011 00010001000011001101 00001001110001000000 
 7337617700  +4    00010000000000000101 00010001000101101010 00001001110001000000 
 7350117900  +4    00001111111001101000 00010001001000000111 00001001110001000000 
 7362618100  +4    00001111110011001010 00010001001010100101 00001001110001000000 
 7375118300  +4    00001111101100101100 00010001001101000010 00001001110001000000 
 7387618500  +4    00001111100110001110 00010001001111100000 00001001110001000000 
 7400118700  +4    00001111011111110001 00010001010001111101 00001001110001000000 
 7412618900  +4    00001111011001010011 00010001010100011010 00001001110001000000 
 7425119100  +4    00001111010010110101 00010001010110111000 00001001110001000000 
 7437619300  +4    00001111001100010111 00010001011001010101 00001001110001000000 
 7450119500  +4    00001111000101111010 00010001011011110010 00001001110001000000 
 7462619700  +4    00001110111111011100 00010001011110010000 00001001110001000000 
 7475119900  +4    00001110111000111110 00010001100000101101 00001001110001000000 
 7487620100  +4    00001110110010100000 00010001100011001011 00001001110001000000 
 7500120300  +4    00001110101100000011 00010001100101101000 00001001110001000000 
 7512620500  +4    00001110100101100101 00010001101000000101 00001001110001000000 
 7525120700  +4    00001110100000001100 00010001101010111111 00001001110001000000 
 7537620900  +4    00001110011010110100 00010001101101111001 00001001110001000000 
 7550121100  +4    00001110010101011100 00010001110000110011 00001001110001000000 
 7562621300  +4    00001110010000000011 00010001110011101101 00001001110001000000 
 7575121500  +4    00001110001010101011 00010001110110100110 00001001110001000000 
 7587621700  +4    00001110000101010010 00010001111001100000 00001001110001000000 
 7600121900  +4    00001101111111111010 00010001111100011010 00001001110001000000 
 7612622100  +4    00001101111010100001 00010001111111010100 00001001110001000000 
 7625122300  +4    00001101110101001001 00010010000010001110 00001001110001000000 
 7637622500  +4    00001101101111110001 00010010000101000111 00001001110001000000 
 7650122700  +4    00001101101010011000 00010010001000000001 00001001110001000000 
 7662622900  +4    00001101100101000000 00010010001010111011 00001001110001000000 
 7675123100  +4    00001101011111100111 00010010001101110101 00001001110001000000 
 7687623300  +4    00001101011010001111 00010010010000101111 00001001110001000000 
 7700123500  +4    00001101010100110110 00010010010011101001 00001001110001000000 
 7712623700  +4    00001101010101101011 00010010010000001110 00001001110001000000 
 7725123900  +4    00001101010110011111 00010010001100110011 00001001110001000000 
 7737624100  +4    00001101010111010100 00010010001001011000 00001001110001000000 
 7750124300  +4    00001101011000001001 00010010000101111110 00001001110001000000 
 7762624500  +4    00001101011000111101 00010010000010100011 00001001110001000000 
 7775124700  +4    00001101011001110010 00010001111111001000 00001001110001000000 
 7787624900  +4    00001101011010100110 00010001111011101110 00001001110001000000 
 7800125100  +4    00001101011011011011 00010001111000010011 00001001110001000000 
 7812625300  +4    00001101011100001111 00010001110100111000 00001001110001000000 
 7825125500  +4    00001101011101000100 00010001110001011110 00001001110001000000 
 7837625700  +4    00001101011101111001 00010001101110000011 00001001110001000000 
 7850125900  +4    00001101011110101101 00010001101010101000 00001001110001000000 
 7862626100  +4    00001101011111100010 00010001100111001110 00001001110001000000 
 7875126300  +4    00001101100000010110 00010001100011110011 00001001110001000000 
 7887626500  +4    00001101100001001011 00010001100000011000 00001001110001000000 
 7900126700  +4    00001101100011100101 00010001011101001000 00001001110001000000 
 7912626900  +4    00001101100101111111 00010001011001110111 00001001110001000000 
 7925127100  +4    00001101101000011001 00010001010110100111 00001001110001000000 
 7937627300  +4    00001101101010110011 00010001010011010111 00001001110001000000 
 7950127500  +4    00001101101101001101 00010001010000000110 00001001110001000000 
 7962627700  +4    00001101101111100111 00010001001100110110 00001001110001000000 
 7975127900  +4    00001101110010000001 00010001001001100110 00001001110001000000 
 7987628100  +4    00001101110100011011 00010001000110010101 00001001110001000000 
 8000128300  +4    00001101110110110101 00010001000011000101 00001001110001000000 
 8012628500  +4    00001101111001001111 00010000111111110100 00001001110001000000 
 8025128700  +4    00001101111011101001 00010000111100100100 00001001110001000000 
 8037628900  +4    00001101111110000011 00010000111001010100 00001001110001000000 
 8050129100  +4    00001110000000011101 00010000110110000011 00001001110001000000 
 8062629300  +4    00001110000010110111 00010000110010110011 00001001110001000000 
 8075129500  +4    00001110000101010001 00010000101111100011 00001001110001000000 
 8087629700  +4    00001110001001000110 00010000101100100100 00001001110001000000 
 8100129900  +4    00001110001100111100 00010000101001100110 00001001110001000000 
 8112630100  +4    00001110010000110001 00010000100110100111 00001001110001000000 
 8125130300  +4    00001110010100100110 00010000100011101001 00001001110001000000 
 8137630500  +4    00001110011000011100 00010000100000101010 00001001110001000000 
 8150130700  +4    00001110011100010001 00010000011101101100 00001001110001000000 
 8162630900  +4    00001110100000000110 00010000011010101101 00001001110001000000 
 8175131100  +4    00001110100011111100 00010000010111101111 00001001110001000000 
 8187631300  +4    00001110100111110001 00010000010100110000 00001001110001000000 
 8200131500  +4    00001110101011100111 00010000010001110010 00001001110001000000 
 8212631700  +4    00001110101111011100 00010000001110110011 00001001110001000000 
 8225131900  +4    00001110110011010001 00010000001011110101 00001001110001000000 
 8237632100  +4    00001110110111000111 00010000001000110110 00001001110001000000 
 8250132300  +4    00001110111010111100 00010000000101111000 00001001110001000000 
 8262632500  +4    00001110111110110001 00010000000010111001 00001001110001000000 
 8275132700  +4    00001111000011110101 00010000000000010000 00001001110001000000 
 8287632900  +4    00001111001000111000 00001111111101101000 00001001110001000000 
 8300133100  +4    00001111001101111100 00001111111010111111 00001001110001000000 
 8312633300  +4    00001111010010111111 00001111111000010110 00001001110001000000 
 8325133500  +4    00001111011000000010 00001111110101101110 00001001110001000000 
 8337633700  +4    00001111011101000110 00001111110011000101 00001001110001000000 
 8350133900  +4    00001111100010001001 00001111110000011100 00001001110001000000 
 8362634100  +4    00001111100111001100 00001111101101110100 00001001110001000000 
 8375134300  +4    00001111101100010000 00001111101011001011 00001001110001000000 
 8387634500  +4    00001111110001010011 00001111101000100010 00001001110001000000 
 8400134700  +4    00001111110110010111 00001111100101111010 00001001110001000000 
 8412634900  +4    00001111111011011010 00001111100011010001 00001001110001000000 
 8425135100  +4    00010000000000011101 00001111100000101000 00001001110001000000 
 8437635300  +4    00010000000101100001 00001111011101111111 00001001110001000000 
 8450135500  +4    00010000001010100100 00001111011011010111 00001001110001000000 
 8462635700  +4    00010000000111011000 00001111011010110001 00001001110001000000 
 8475135900  +4    00010000000100001101 00001111011010001011 00001001110001000000 
 8487636100  +4    00010000000001000001 00001111011001100101 00001001110001000000 
 8500136300  +4    00001111111101110110 00001111011001000000 00001001110001000000 
 8512636500  +4    00001111111010101010 00001111011000011010 00001001110001000000 
 8525136700  +4    00001111110111011111 00001111010111110100 00001001110001000000 
 8537636900  +4    00001111110100010011 00001111010111001110 00001001110001000000 
 8550137100  +4    00001111110001001000 00001111010110101000 00001001110001000000 
 8562637300  +4    00001111101101111100 00001111010110000010 00001001110001000000 
 8575137500  +4    00001111101010110000 00001111010101011101 00001001110001000000 
 8587637700  +4    00001111100111100101 00001111010100110111 00001001110001000000 
 8600137900  +4    00001111100100011001 00001111010100010001 00001001110001000000 
 8612638100  +4    00001111100001001110 00001111010011101011 00001001110001000000 
 8625138300  +4    00001111011110000010 00001111010011000101 00001001110001000000 
 8637638500  +4    00001111011010110111 00001111010010100000 00001001110001000000 
 8650138700  +4    00001111010111101111 00001111010001110110 00001001110001000000 
 8662638900  +4    00001111010100100111 00001111010001001101 00001001110001000000 
 8675139100  +4    00001111010001011111 00001111010000100100 00001001110001000000 
 8687639300  +4    00001111001110011000 00001111001111111011 00001001110001000000 
 8700139500  +4    00001111001011010000 00001111001111010010 00001001110001000000 
 8712639700  +4    00001111001000001000 00001111001110101001 00001001110001000000 
 8725139900  +4    00001111000101000000 00001111001110000000 00001001110001000000 
 8737640100  +4    00001111000001111001 00001111001101010111 00001001110001000000 
 8750140300  +4    00001110111110110001 00001111001100101101 00001001110001000000 
 8762640500  +4    00001110111011101001 00001111001100000100 00001001110001000000 
 8775140700  +4    00001110111000100001 00001111001011011011 00001001110001000000 
 8787640900  +4    00001110110101011010 00001111001010110010 00001001110001000000 
 8800141100  +4    00001110110010010010 00001111001010001001 00001001110001000000 
 8812641300  +4    00001110101111001010 00001111001001100000 00001001110001000000 
 8825141500  +4    00001110101100000010 00001111001000110111 00001001110001000000 
 8837641700  +4    00001110101000111111 00001111001000001010 00001001110001000000 
 8850141900  +4    00001110100101111100 00001111000111011101 00001001110001000000 
 8862642100  +4    00001110100010111000 00001111000110110000 00001001110001000000 
 8875142300  +4    00001110011111110101 00001111000110000011 00001001110001000000 
 8887642500  +4    00001110011100110001 00001111000101010111 00001001110001000000 
 8900142700  +4    00001110011001101110 00001111000100101010 00001001110001000000 
 8912642900  +4    00001110010110101011 00001111000011111101 00001001110001000000 
 8925143100  +4    00001110010011100111 00001111000011010000 00001001110001000000 
 8937643300  +4    00001110010000100100 00001111000010100011 00001001110001000000 
 8950143500  +4    00001110001101100001 00001111000001110111 00001001110001000000 
 8962643700  +4    00001110001010011101 00001111000001001010 00001001110001000000 
 8975143900  +4    00001110000111011010 00001111000000011101 00001001110001000000 
 8987644100  +4    00001110000100010110 00001110111111110000 00001001110001000000 
 9000144300  +4    00001110000001010011 00001110111111000011 00001001110001000000 
 9012644500  +4    00001101111110010000 00001110111110010111 00001001110001000000 
 9025144700  +4    00001101111011010001 00001110111101100110 00001001110001000000 
 9037644900  +4    00001101111000010011 00001110111100110101 00001001110001000000 
 9050145100  +4    00001101110101010100 00001110111100000100 00001001110001000000 
 9062645300  +4    00001101110010010110 00001110111011010011 00001001110001000000 
 9075145500  +4    00001101101111011000 00001110111010100010 00001001110001000000 
 9087645700  +4    00001101101100011001 00001110111001110001 00001001110001000000 
 9100145900  +4    00001101101001011011 00001110111001000000 00001001110001000000 
 9112646100  +4    00001101100110011100 00001110111000001111 00001001110001000000 
 9125146300  +4    00001101100011011110 00001110110111011110 00001001110001000000 
 9137646500  +4    00001101100000011111 00001110110110101101 00001001110001000000 
 9150146700  +4    00001101011101100001 00001110110101111100 00001001110001000000 
 9162646900  +4    00001101011010100010 00001110110101001011 00001001110001000000 
 9175147100  +4    00001101010111100100 00001110110100011010 00001001110001000000 
 9187647300  +4    00001101010100100110 00001110110011101001 00001001110001000000 
 9200147500  +4    00001101010001100111 00001110110010111000 00001001110001000000 
 9212647700  +4    00001101000110110001 00001110111001011000 00001001110001000000 
 9225147900  +4    00001100111011111011 00001110111111110111 00001001110001000000 
 9237648100  +4    00001100110001000101 00001111000110010110 00001001110001000000 
 9250148300  +4    00001100100110001110 00001111001100110101 00001001110001000000 
 9262648500  +4    00001100011011011000 00001111010011010100 00001001110001000000 
 9275148700  +4    00001100010000100010 00001111011001110100 00001001110001000000 
 9287648900  +4    00001100000101101100 00001111100000010011 00001001110001000000 
 9300149100  +4    00001011111010110110 00001111100110110010 00001001110001000000 
 9312649300  +4    00001011101111111111 00001111101101010001 00001001110001000000 
 9325149500  +4    00001011100101001001 00001111110011110000 00001001110001000000 
 9337649700  +4    00001011011010010011 00001111111010010000 00001001110001000000 
 9350149900  +4    00001011001111011101 00010000000000101111 00001001110001000000 
 9362650100  +4    00001011000100100111 00010000000111001110 00001001110001000000 
 9375150300  +4    00001010111001110001 00010000001101101101 00001001110001000000 
 9387650500  +4    00001010101110111010 00010000010100001100 00001001110001000000 
 9400150700  +4    00001010101010110010 00010000011100101100 00001001110001000000 
 9412650900  +4    00001010100110101010 00010000100101001011 00001001110001000000 
 9425151100  +4    00001010100010100010 00010000101101101011 00001001110001000000 
 9437651300  +4    00001010011110011010 00010000110110001010 00001001110001000000 
 9450151500  +4    00001010011010010001 00010000111110101001 00001001110001000000 
 9462651700  +4    00001010010110001001 00010001000111001001 00001001110001000000 
 9475151900  +4    00001010010010000001 00010001001111101000 00001001110001000000 
 9487652100  +4    00001010001101111001 00010001011000001000 00001001110001000000 
 9500152300  +4    00001010001001110001 00010001100000100111 00001001110001000000 
 9512652500  +4    00001010000101101000 00010001101001000111 00001001110001000000 
 9525152700  +4    00001010000001100000 00010001110001100110 00001001110001000000 
 9537652900  +4    00001001111101011000 00010001111010000110 00001001110001000000 
 9550153100  +4    00001001111001010000 00010010000010100101 00001001110001000000 
 9562653300  +4    00001001110101001000 00010010001011000100 00001001110001000000 
 9575153500  +4    00001001110001000000 00010010010011100100 00001001110001000000 
 9587653700  +4    00001001110101001000 00010010011100000011 00001001110001000000 
 9600153900  +4    00001001111001010000 00010010100100100011 00001001110001000000 
 9612654100  +4    00001001111101011000 00010010101101000010 00001001110001000000 
 9625154300  +4    00001010000001100000 00010010110101100010 00001001110001000000 
 9637654500  +4    00001010000101101000 00010010111110000001 00001001110001000000 
 9650154700  +4    00001010001001110001 00010011000110100000 00001001110001000000 
 9662654900  +4    00001010001101111001 00010011001111000000 00001001110001000000 
 9675155100  +4    00001010010010000001 00010011010111011111 00001001110001000000 
 9687655300  +4    00001010010110001001 00010011011111111111 00001001110001000000 
 9700155500  +4    00001010011010010001 00010011101000011110 00001001110001000000 
 9712655700  +4    00001010011110011010 00010011110000111110 00001001110001000000 
 9725155900  +4    00001010100010100010 00010011111001011101 00001001110001000000 
 9737656100  +4    00001010100110101010 00010100000001111101 00001001110001000000 
 9750156300  +4    00001010101010110010 00010100001010011100 00001001110001000000 
 9762656500  +4    00001010101110111010 00010100010010111011 00001001110001000000 
 9775156700  +4    00001010111001110001 00010100011001011011 00001001110001000000 
 9787656900  +4    00001011000100100111 00010100011111111010 00001001110001000000 
 9800157100  +4    00001011001111011101 00010100100110011001 00001001110001000000 
 9812657300  +4    00001011011010010011 00010100101100111000 00001001110001000000 
 9825157500  +4    00001011100101001001 00010100110011010111 00001001110001000000 
 9837657700  +4    00001011101111111111 00010100111001110111 00001001110001000000 
 9850157900  +4    00001011111010110110 00010101000000010110 00001001110001000000 
 9862658100  +4    00001100000101101100 00010101000110110101 00001001110001000000 
 9875158300  +4    00001100010000100010 00010101001101010100 00001001110001000000 
 9887658500  +4    00001100011011011000 00010101010011110011 00001001110001000000 
 9900158700  +4    00001100100110001110 00010101011010010010 00001001110001000000 
 9912658900  +4    00001100110001000101 00010101100000110010 00001001110001000000 
 9925159100  +4    00001100111011111011 00010101100111010001 00001001110001000000 
 9937659300  +4    00001101000110110001 00010101101101110000 00001001110001000000 
 9950159500  +4    00001101010001100111 00010101110100001111 00001001110001000000 
 1088767450  +3    00001101010001100111 00010101110100001111 00011010110110110000 
