         ps       /tl_tb/tb_dut/servo_x_ent/encoded_angle_i                                                
          delta                        /tl_tb/tb_dut/servo_y_ent/encoded_angle_i                           
                                                            /tl_tb/tb_dut/servo_z_ent/encoded_angle_i      
          0  +0                        UUUUUUUUUUUUUUUUUUUU UUUUUUUUUUUUUUUUUUUU UUUUUUUUUUUUUUUUUUUU 
          0  +1                        XXXXXXXXXXXXXXXXXXXX XXXXXXXXXXXXXXXXXXXX 00001001110001000000 
          0  +2                        00010010010011111000 00010010010011111000 00001001110001000000 
 1200001500  +4                        00010010100100111000 00010011011010011111 00001001110001000000 
 1400001700  +4                        00010011000100111011 00010011010101000111 00001001110001000000 
 1600001900  +4                        00010011100000000010 00010011001100011110 00001001110001000000 
 1800002100  +4                        00010011110101010001 00010011000011000101 00001001110001000000 
 2000002300  +4                        00010011000011011111 00010010000111101001 00001001110001000000 
 2200002500  +3                        00010011000011011111 00010010000111101001 00011010110110110000 
 2200002500  +4                        00010011000100101110 00010010001000101011 00011010110110110000 
 2400002700  +4                        00010011000101110100 00010010001001100110 00011010110110110000 
 2600002900  +4                        00010011000110110001 00010010001010011011 00011010110110110000 
 2800003100  +4                        00010001000011000010 00010001101001101101 00011010110110110000 
 3000003300  +4                        00010001010110100010 00010001100100010000 00011010110110110000 
 3200003500  +4                        00010001101101011000 00010001011111110010 00011010110110110000 
 3400003700  +4                        00010010000110101111 00010001011101001101 00011010110110110000 
 3600003900  +4                        00010011101001111111 00010011000010010101 00011010110110110000 
 3800004100  +4                        00010011111011010100 00010010111011001110 00011010110110110000 
 4000004300  +4                        00010100001000101101 00010010110100110110 00011010110110110000 
 4200004500  +4                        00010100010010111101 00010010101111011011 00011010110110110000 
 4400004700  +4                        00010010111101100110 00010010001111101001 00011010110110110000 
 4600004900  +4                        00010010111101110100 00010010001111110111 00011010110110110000 
 4800005100  +4                        00010010111110000000 00010010010000000101 00011010110110110000 
 5000005300  +4                        00010010111110001100 00010010010000010001 00011010110110110000 
 5200005500  +4                        00010000011001101101 00010001111010000111 00011010110110110000 
 5400005700  +4                        00010000100011100010 00010001110101110110 00011010110110110000 
 5600005900  +4                        00010000101111110110 00010001110001000001 00011010110110110000 
 5800006100  +4                        00010000111111001011 00010001101011110011 00011010110110110000 
 6000006300  +4                        00010011101000100101 00010001101011110011 00011010110110110000 
 6200006500  +4                        00010011110111111010 00010001110001000001 00011010110110110000 
 6400006700  +4                        00010100000100001110 00010001110101110110 00011010110110110000 
 6600006900  +4                        00010100001110000011 00010001111010000111 00011010110110110000 
 6800007100  +4                        00010001101001100100 00010010010000010001 00011010110110110000 
 7000007300  +4                        00010001101001110000 00010010010000000101 00011010110110110000 
 7200007500  +4                        00010001101001111100 00010010001111110111 00011010110110110000 
 7400007700  +4                        00010001101010001010 00010010001111101001 00011010110110110000 
 7600007900  +4                        00010000010100110011 00010010101111011011 00011010110110110000 
 7800008100  +4                        00010000011111000011 00010010110100110110 00011010110110110000 
 8000008300  +4                        00010000101100011100 00010010111011001110 00011010110110110000 
 8200008500  +4                        00010000111101110001 00010011000010010101 00011010110110110000 
 8400008700  +4                        00010010100001000001 00010001011101001101 00011010110110110000 
 8600008900  +4                        00010010111010011000 00010001011111110010 00011010110110110000 
 8800009100  +4                        00010011010001001110 00010001100100010000 00011010110110110000 
 9000009300  +4                        00010011100100101110 00010001101001101101 00011010110110110000 
 9200009500  +4                        00010001100000111111 00010010001010011011 00011010110110110000 
 9400009700  +4                        00010001100001111100 00010010001001100110 00011010110110110000 
 9600009900  +4                        00010001100011000010 00010010001000101011 00011010110110110000 
 9800010100  +4                        00010001100100010001 00010010000111101001 00011010110110110000 
 1000001030  +4                        00001111100110010101 00010011111011101011 00011010110110110000 
 1020001050  +4                        00010001010001110101 00010100011011101111 00011010110110110000 
 1040001070  +4                        00010011010101111011 00010100011011101111 00011010110110110000 
 1060001090  +4                        00010101000001011011 00010011111011101011 00011010110110110000 
 1080001110  +4                        00010010010011111000 00010010010011111000 00011010110110110000 
 1160001190  +3                        00010010010011111000 00010010010011111000 00001001110001000000 
