         ps       /tl_tb/tb_dut/servo_x_ent/encoded_angle_i                                                
          delta                        /tl_tb/tb_dut/servo_y_ent/encoded_angle_i                           
                                                            /tl_tb/tb_dut/servo_z_ent/encoded_angle_i      
          0  +0                        UUUUUUUUUUUUUUUUUUUU UUUUUUUUUUUUUUUUUUUU UUUUUUUUUUUUUUUUUUUU 
          0  +1                        XXXXXXXXXXXXXXXXXXXX XXXXXXXXXXXXXXXXXXXX 00001001110001000000 
          0  +2                        00010010010011111000 00010010010011111000 00001001110001000000 
 1200001500  +4                        00010010011100011000 00010010110111001011 00001001110001000000 
 1400001700  +4                        00010010110100111001 00010011010111110011 00001001110001000000 
 1600001900  +4                        00010011011010111110 00010011110100000110 00001001110001000000 
 1800002100  +4                        00010100001011101011 00010100001011101100 00001001110001000000 
 2000002300  +4                        00010100100011011110 00010100000101100101 00001001110001000000 
 2200002500  +3                        00010100100011011110 00010100000101100101 00011010110110110000 
 2200002500  +4                        00010100111011111001 00010011111111111110 00011010110110110000 
 2400002700  +4                        00010101010100110111 00010011111010110101 00011010110110110000 
 2600002900  +4                        00010101101110010100 00010011110110000111 00011010110110110000 
 2800003100  +4                        00010101000101111001 00010011100001000001 00011010110110110000 
 3000003300  +4                        00010100100111001110 00010011001001001101 00011010110110110000 
 3200003500  +4                        00010100010011111110 00010010101111001010 00011010110110110000 
 3400003700  +4                        00010100001101011001 00010010010011110101 00011010110110110000 
 3600003900  +4                        00010100111000011101 00010010101011000011 00011010110110110000 
 3800004100  +4                        00010101101100001011 00010010111110101110 00011010110110110000 
 4000004300  +4                        00010110100110100101 00010011001111001101 00011010110110110000 
 4200004500  +4                        00010111100110001000 00010011011100111111 00011010110110110000 
 4400004700  +4                        00010111111010111111 00010011011010110111 00011010110110110000 
 4600004900  +4                        00011000001111111101 00010011011000110111 00011010110110110000 
 4800005100  +4                        00011000100101000001 00010011010110111101 00011010110110110000 
 5000005300  +4                        00011000111010001011 00010011010101001010 00011010110110110000 
 5200005500  +4                        00010111111101000101 00010011001000010001 00011010110110110000 
 5400005700  +4                        00010111000100111010 00010010111001010000 00011010110110110000 
 5600005900  +4                        00010110010010111001 00010010100111110101 00011010110110110000 
 5800006100  +4                        00010101101000100011 00010010010011110010 00011010110110110000 
 6000006300  +4                        00010110010010111001 00010001111111110000 00011010110110110000 
 6200006500  +4                        00010111000100111010 00010001101110010100 00011010110110110000 
 6400006700  +4                        00010111111101000101 00010001011111010011 00011010110110110000 
 6600006900  +4                        00011000111010001011 00010001010010011011 00011010110110110000 
 6800007100  +4                        00011000100101000001 00010001010000100111 00011010110110110000 
 7000007300  +4                        00011000001111111101 00010001001110101110 00011010110110110000 
 7200007500  +4                        00010111111010111111 00010001001100101101 00011010110110110000 
 7400007700  +4                        00010111100110001000 00010001001010100110 00011010110110110000 
 7600007900  +4                        00010110100110100101 00010001011000010111 00011010110110110000 
 7800008100  +4                        00010101101100001011 00010001101000110110 00011010110110110000 
 8000008300  +4                        00010100111000011101 00010001111100100001 00011010110110110000 
 8200008500  +4                        00010100001101011001 00010010010011110000 00011010110110110000 
 8400008700  +4                        00010100010011111110 00010001111000011010 00011010110110110000 
 8600008900  +4                        00010100100111001110 00010001011110010111 00011010110110110000 
 8800009100  +4                        00010101000101111001 00010001000110100011 00011010110110110000 
 9000009300  +4                        00010101101110010100 00010000110001011110 00011010110110110000 
 9200009500  +4                        00010101010100110111 00010000101100101111 00011010110110110000 
 9400009700  +4                        00010100111011111001 00010000100111100110 00011010110110110000 
 9600009900  +4                        00010100100011011110 00010000100010000000 00011010110110110000 
 9800010100  +4                        00010100001011101011 00010000011011111000 00011010110110110000 
 1000001030  +4                        00010010110100111001 00010001001111110010 00011010110110110000 
 1020001050  +4                        00010010010011111000 00010010010011101101 00011010110110110000 
 1040001070  +4                        00010010110100111001 00010011010111101001 00011010110110110000 
 1060001090  +4                        00010100001011101011 00010100001011100010 00011010110110110000 
 1160001190  +3                        00010100001011101011 00010100001011100010 00001001110001000000 
